[2024-07-03 13:05:18,809][DocTamperDataset.py][INFO] Creating dataset with 88575 examples
[2024-07-03 13:05:18,809][DocTamperDataset.py][INFO] Creating dataset with 18720 examples
[2024-07-03 13:05:21,965][trainer.py][INFO] [train] epoch:0 iter:0/22144 0.00% lr:0.000000 loss:0.923351 ETA:1164.0min
[2024-07-03 13:20:28,159][trainer.py][INFO] [train] epoch:0 iter:500/22144 2.26% lr:0.000003 loss:0.783175 ETA:654.0min
[2024-07-03 13:35:30,803][trainer.py][INFO] [train] epoch:0 iter:1000/22144 4.52% lr:0.000007 loss:0.521057 ETA:638.0min
[2024-07-03 13:50:37,349][trainer.py][INFO] [train] epoch:0 iter:1500/22144 6.77% lr:0.000010 loss:0.482876 ETA:623.0min
[2024-07-03 14:05:38,691][trainer.py][INFO] [train] epoch:0 iter:2000/22144 9.03% lr:0.000014 loss:0.475370 ETA:607.0min
[2024-07-03 14:18:39,704][trainer.py][INFO] [train] epoch:0 iter:2500/22144 11.29% lr:0.000017 loss:0.472870 ETA:576.0min
[2024-07-03 14:30:54,958][trainer.py][INFO] [train] epoch:0 iter:3000/22144 13.55% lr:0.000020 loss:0.469966 ETA:546.0min
[2024-07-03 14:41:34,660][trainer.py][INFO] [train] epoch:0 iter:3500/22144 15.81% lr:0.000024 loss:0.468767 ETA:512.0min
[2024-07-03 14:51:39,884][trainer.py][INFO] [train] epoch:0 iter:4000/22144 18.06% lr:0.000027 loss:0.467631 ETA:482.0min
[2024-07-03 15:01:37,272][trainer.py][INFO] [train] epoch:0 iter:4500/22144 20.32% lr:0.000030 loss:0.464198 ETA:456.0min
[2024-07-03 15:11:33,204][trainer.py][INFO] [train] epoch:0 iter:5000/22144 22.58% lr:0.000034 loss:0.461978 ETA:432.0min
[2024-07-03 15:22:16,875][trainer.py][INFO] [train] epoch:0 iter:5500/22144 24.84% lr:0.000037 loss:0.458033 ETA:415.0min
[2024-07-03 15:34:30,643][trainer.py][INFO] [train] epoch:0 iter:6000/22144 27.10% lr:0.000041 loss:0.454687 ETA:401.0min
[2024-07-03 15:46:44,024][trainer.py][INFO] [train] epoch:0 iter:6500/22144 29.35% lr:0.000044 loss:0.449909 ETA:388.0min
[2024-07-03 15:58:58,124][trainer.py][INFO] [train] epoch:0 iter:7000/22144 31.61% lr:0.000047 loss:0.448082 ETA:376.0min
[2024-07-03 16:11:12,409][trainer.py][INFO] [train] epoch:0 iter:7500/22144 33.87% lr:0.000051 loss:0.447908 ETA:363.0min
[2024-07-03 16:23:27,918][trainer.py][INFO] [train] epoch:0 iter:8000/22144 36.13% lr:0.000054 loss:0.440319 ETA:350.0min
[2024-07-03 16:35:44,675][trainer.py][INFO] [train] epoch:0 iter:8500/22144 38.39% lr:0.000058 loss:0.437494 ETA:338.0min
[2024-07-03 16:47:58,164][trainer.py][INFO] [train] epoch:0 iter:9000/22144 40.64% lr:0.000061 loss:0.430915 ETA:325.0min
[2024-07-03 17:00:13,313][trainer.py][INFO] [train] epoch:0 iter:9500/22144 42.90% lr:0.000064 loss:0.430093 ETA:313.0min
[2024-07-03 17:12:31,148][trainer.py][INFO] [train] epoch:0 iter:10000/22144 45.16% lr:0.000068 loss:0.431623 ETA:300.0min
[2024-07-03 17:24:46,564][trainer.py][INFO] [train] epoch:0 iter:10500/22144 47.42% lr:0.000071 loss:0.435838 ETA:288.0min
[2024-07-03 17:37:00,699][trainer.py][INFO] [train] epoch:0 iter:11000/22144 49.67% lr:0.000075 loss:0.443296 ETA:275.0min
[2024-07-03 17:49:17,561][trainer.py][INFO] [train] epoch:0 iter:11500/22144 51.93% lr:0.000078 loss:0.443271 ETA:263.0min
[2024-07-03 18:01:31,884][trainer.py][INFO] [train] epoch:0 iter:12000/22144 54.19% lr:0.000081 loss:0.447186 ETA:250.0min
[2024-07-03 18:13:48,421][trainer.py][INFO] [train] epoch:0 iter:12500/22144 56.45% lr:0.000085 loss:0.447937 ETA:238.0min
[2024-07-03 18:26:04,177][trainer.py][INFO] [train] epoch:0 iter:13000/22144 58.71% lr:0.000088 loss:0.446249 ETA:226.0min
[2024-07-03 18:38:18,669][trainer.py][INFO] [train] epoch:0 iter:13500/22144 60.96% lr:0.000091 loss:0.443313 ETA:214.0min
[2024-07-03 18:50:36,944][trainer.py][INFO] [train] epoch:0 iter:14000/22144 63.22% lr:0.000095 loss:0.442045 ETA:201.0min
[2024-07-03 19:02:50,800][trainer.py][INFO] [train] epoch:0 iter:14500/22144 65.48% lr:0.000098 loss:0.444138 ETA:188.0min
[2024-07-03 19:15:08,415][trainer.py][INFO] [train] epoch:0 iter:15000/22144 67.74% lr:0.000102 loss:0.443224 ETA:176.0min
[2024-07-03 19:27:25,099][trainer.py][INFO] [train] epoch:0 iter:15500/22144 70.00% lr:0.000105 loss:0.439854 ETA:163.0min
[2024-07-03 19:39:44,982][trainer.py][INFO] [train] epoch:0 iter:16000/22144 72.25% lr:0.000108 loss:0.441141 ETA:151.0min
[2024-07-03 19:51:35,365][trainer.py][INFO] [train] epoch:0 iter:16500/22144 74.51% lr:0.000112 loss:0.436116 ETA:139.0min
[2024-07-03 20:01:56,072][trainer.py][INFO] [train] epoch:0 iter:17000/22144 76.77% lr:0.000115 loss:0.436291 ETA:126.0min
[2024-07-03 20:12:21,030][trainer.py][INFO] [train] epoch:0 iter:17500/22144 79.03% lr:0.000119 loss:0.437283 ETA:113.0min
[2024-07-03 20:22:27,212][trainer.py][INFO] [train] epoch:0 iter:18000/22144 81.29% lr:0.000122 loss:0.433690 ETA:100.0min
[2024-07-03 20:33:13,324][trainer.py][INFO] [train] epoch:0 iter:18500/22144 83.54% lr:0.000125 loss:0.431134 ETA:89.0min
[2024-07-03 20:45:33,325][trainer.py][INFO] [train] epoch:0 iter:19000/22144 85.80% lr:0.000129 loss:0.430103 ETA:76.0min
[2024-07-03 20:57:53,836][trainer.py][INFO] [train] epoch:0 iter:19500/22144 88.06% lr:0.000132 loss:0.429751 ETA:64.0min
[2024-07-03 21:10:14,078][trainer.py][INFO] [train] epoch:0 iter:20000/22144 90.32% lr:0.000135 loss:0.424210 ETA:52.0min
[2024-07-03 21:22:32,932][trainer.py][INFO] [train] epoch:0 iter:20500/22144 92.58% lr:0.000139 loss:0.422434 ETA:40.0min
[2024-07-03 21:34:51,575][trainer.py][INFO] [train] epoch:0 iter:21000/22144 94.83% lr:0.000142 loss:0.417965 ETA:28.0min
[2024-07-03 21:47:11,169][trainer.py][INFO] [train] epoch:0 iter:21500/22144 97.09% lr:0.000146 loss:0.420472 ETA:16.0min
[2024-07-03 21:59:30,956][trainer.py][INFO] [train] epoch:0 iter:22000/22144 99.35% lr:0.000149 loss:0.414834 ETA:3.0min
[2024-07-03 22:47:15,642][trainer.py][INFO] [val] epoch:0 iou:[0.98950508 0.07756782],acc:0.9895143303096804, precision:0.8879831169212535,recall:0.5394982999387327,f1:0.6712036639343287
[2024-07-03 22:47:23,566][trainer.py][INFO] [save] Best Model saved at epoch:0 =============================
[2024-07-03 22:47:25,721][trainer.py][INFO] [train] epoch:1 iter:0/22144 0.00% lr:0.000150 loss:0.449346 ETA:795.0min
[2024-07-03 22:59:47,281][trainer.py][INFO] [train] epoch:1 iter:500/22144 2.26% lr:0.000153 loss:0.414979 ETA:535.0min
[2024-07-03 23:12:07,494][trainer.py][INFO] [train] epoch:1 iter:1000/22144 4.52% lr:0.000157 loss:0.410318 ETA:523.0min
[2024-07-03 23:24:27,874][trainer.py][INFO] [train] epoch:1 iter:1500/22144 6.77% lr:0.000160 loss:0.408369 ETA:509.0min
[2024-07-03 23:36:49,940][trainer.py][INFO] [train] epoch:1 iter:2000/22144 9.03% lr:0.000164 loss:0.413556 ETA:498.0min
[2024-07-03 23:49:07,817][trainer.py][INFO] [train] epoch:1 iter:2500/22144 11.29% lr:0.000167 loss:0.408087 ETA:485.0min
[2024-07-04 00:01:31,109][trainer.py][INFO] [train] epoch:1 iter:3000/22144 13.55% lr:0.000170 loss:0.410046 ETA:472.0min
[2024-07-04 00:13:52,765][trainer.py][INFO] [train] epoch:1 iter:3500/22144 15.81% lr:0.000174 loss:0.410143 ETA:461.0min
[2024-07-04 00:26:14,655][trainer.py][INFO] [train] epoch:1 iter:4000/22144 18.06% lr:0.000177 loss:0.409511 ETA:449.0min
[2024-07-04 00:38:34,371][trainer.py][INFO] [train] epoch:1 iter:4500/22144 20.32% lr:0.000180 loss:0.405039 ETA:435.0min
[2024-07-04 00:50:52,220][trainer.py][INFO] [train] epoch:1 iter:5000/22144 22.58% lr:0.000184 loss:0.403667 ETA:423.0min
[2024-07-04 01:01:49,629][trainer.py][INFO] [train] epoch:1 iter:5500/22144 24.84% lr:0.000187 loss:0.412471 ETA:407.0min
[2024-07-04 01:13:02,187][trainer.py][INFO] [train] epoch:1 iter:6000/22144 27.10% lr:0.000191 loss:0.416252 ETA:392.0min
[2024-07-04 01:24:16,246][trainer.py][INFO] [train] epoch:1 iter:6500/22144 29.35% lr:0.000194 loss:0.408584 ETA:378.0min
[2024-07-04 01:36:14,936][trainer.py][INFO] [train] epoch:1 iter:7000/22144 31.61% lr:0.000197 loss:0.409384 ETA:366.0min
[2024-07-04 01:48:34,548][trainer.py][INFO] [train] epoch:1 iter:7500/22144 33.87% lr:0.000201 loss:0.413619 ETA:353.0min
[2024-07-04 02:00:55,144][trainer.py][INFO] [train] epoch:1 iter:8000/22144 36.13% lr:0.000204 loss:0.417842 ETA:342.0min
[2024-07-04 02:13:15,531][trainer.py][INFO] [train] epoch:1 iter:8500/22144 38.39% lr:0.000208 loss:0.421352 ETA:331.0min
[2024-07-04 02:25:36,210][trainer.py][INFO] [train] epoch:1 iter:9000/22144 40.64% lr:0.000211 loss:0.422199 ETA:318.0min
[2024-07-04 02:37:58,556][trainer.py][INFO] [train] epoch:1 iter:9500/22144 42.90% lr:0.000214 loss:0.429169 ETA:307.0min
[2024-07-04 02:50:17,144][trainer.py][INFO] [train] epoch:1 iter:10000/22144 45.16% lr:0.000218 loss:0.426876 ETA:295.0min
[2024-07-04 03:02:39,976][trainer.py][INFO] [train] epoch:1 iter:10500/22144 47.42% lr:0.000221 loss:0.429775 ETA:283.0min
[2024-07-04 03:14:59,848][trainer.py][INFO] [train] epoch:1 iter:11000/22144 49.67% lr:0.000225 loss:0.433111 ETA:271.0min
[2024-07-04 03:27:19,326][trainer.py][INFO] [train] epoch:1 iter:11500/22144 51.93% lr:0.000228 loss:0.428953 ETA:259.0min
[2024-07-04 03:39:40,799][trainer.py][INFO] [train] epoch:1 iter:12000/22144 54.19% lr:0.000231 loss:0.426589 ETA:247.0min
[2024-07-04 03:52:02,570][trainer.py][INFO] [train] epoch:1 iter:12500/22144 56.45% lr:0.000235 loss:0.423300 ETA:235.0min
[2024-07-04 04:04:24,807][trainer.py][INFO] [train] epoch:1 iter:13000/22144 58.71% lr:0.000238 loss:0.425270 ETA:222.0min
[2024-07-04 04:16:44,266][trainer.py][INFO] [train] epoch:1 iter:13500/22144 60.96% lr:0.000241 loss:0.427586 ETA:211.0min
[2024-07-04 04:29:06,386][trainer.py][INFO] [train] epoch:1 iter:14000/22144 63.22% lr:0.000245 loss:0.425460 ETA:199.0min
[2024-07-04 04:41:26,994][trainer.py][INFO] [train] epoch:1 iter:14500/22144 65.48% lr:0.000248 loss:0.430365 ETA:186.0min
[2024-07-04 04:53:48,223][trainer.py][INFO] [train] epoch:1 iter:15000/22144 67.74% lr:0.000252 loss:0.426058 ETA:174.0min
[2024-07-04 05:06:07,599][trainer.py][INFO] [train] epoch:1 iter:15500/22144 70.00% lr:0.000255 loss:0.424348 ETA:163.0min
[2024-07-04 05:18:26,883][trainer.py][INFO] [train] epoch:1 iter:16000/22144 72.25% lr:0.000258 loss:0.427980 ETA:150.0min
[2024-07-04 05:30:48,247][trainer.py][INFO] [train] epoch:1 iter:16500/22144 74.51% lr:0.000262 loss:0.428720 ETA:138.0min
[2024-07-04 05:43:06,475][trainer.py][INFO] [train] epoch:1 iter:17000/22144 76.77% lr:0.000265 loss:0.425948 ETA:126.0min
[2024-07-04 05:55:27,606][trainer.py][INFO] [train] epoch:1 iter:17500/22144 79.03% lr:0.000269 loss:0.427982 ETA:113.0min
[2024-07-04 06:06:48,062][trainer.py][INFO] [train] epoch:1 iter:18000/22144 81.29% lr:0.000272 loss:0.429375 ETA:101.0min
[2024-07-04 06:17:59,381][trainer.py][INFO] [train] epoch:1 iter:18500/22144 83.54% lr:0.000275 loss:0.424443 ETA:89.0min
[2024-07-04 06:29:13,862][trainer.py][INFO] [train] epoch:1 iter:19000/22144 85.80% lr:0.000279 loss:0.424700 ETA:77.0min
[2024-07-04 06:40:52,016][trainer.py][INFO] [train] epoch:1 iter:19500/22144 88.06% lr:0.000282 loss:0.426002 ETA:64.0min
[2024-07-04 06:53:09,436][trainer.py][INFO] [train] epoch:1 iter:20000/22144 90.32% lr:0.000285 loss:0.425191 ETA:52.0min
[2024-07-04 07:05:30,112][trainer.py][INFO] [train] epoch:1 iter:20500/22144 92.58% lr:0.000289 loss:0.422112 ETA:40.0min
[2024-07-04 07:17:48,119][trainer.py][INFO] [train] epoch:1 iter:21000/22144 94.83% lr:0.000292 loss:0.424202 ETA:28.0min
[2024-07-04 07:30:03,443][trainer.py][INFO] [train] epoch:1 iter:21500/22144 97.09% lr:0.000296 loss:0.421977 ETA:16.0min
[2024-07-04 07:42:20,270][trainer.py][INFO] [train] epoch:1 iter:22000/22144 99.35% lr:0.000299 loss:0.420440 ETA:4.0min
[2024-07-04 08:29:53,221][trainer.py][INFO] [val] epoch:1 iou:[0.99056028 0.19590931],acc:0.9905819446612627, precision:0.8939932926991634,recall:0.602808603087084,f1:0.7200777148371222
[2024-07-04 08:30:08,059][trainer.py][INFO] [save] Best Model saved at epoch:1 =============================
[2024-07-04 08:30:08,060][DocTamperDataset.py][INFO] Creating dataset with 88575 examples
[2024-07-04 08:30:08,060][DocTamperDataset.py][INFO] Creating dataset with 18720 examples
[2024-07-04 08:30:10,075][trainer.py][INFO] [train] epoch:2 iter:0/22144 0.00% lr:0.000300 loss:0.426694 ETA:743.0min
[2024-07-04 08:42:25,664][trainer.py][INFO] [train] epoch:2 iter:500/22144 2.26% lr:0.000300 loss:0.423203 ETA:531.0min
[2024-07-04 08:54:41,253][trainer.py][INFO] [train] epoch:2 iter:1000/22144 4.52% lr:0.000300 loss:0.422649 ETA:519.0min
[2024-07-04 09:06:58,507][trainer.py][INFO] [train] epoch:2 iter:1500/22144 6.77% lr:0.000300 loss:0.419976 ETA:507.0min
[2024-07-04 09:19:12,279][trainer.py][INFO] [train] epoch:2 iter:2000/22144 9.03% lr:0.000300 loss:0.418056 ETA:494.0min
[2024-07-04 09:31:26,038][trainer.py][INFO] [train] epoch:2 iter:2500/22144 11.29% lr:0.000300 loss:0.422774 ETA:481.0min
[2024-07-04 09:43:43,323][trainer.py][INFO] [train] epoch:2 iter:3000/22144 13.55% lr:0.000300 loss:0.414238 ETA:469.0min
[2024-07-04 09:55:57,060][trainer.py][INFO] [train] epoch:2 iter:3500/22144 15.81% lr:0.000300 loss:0.418824 ETA:457.0min
[2024-07-04 10:08:11,263][trainer.py][INFO] [train] epoch:2 iter:4000/22144 18.06% lr:0.000300 loss:0.415249 ETA:444.0min
[2024-07-04 10:20:26,819][trainer.py][INFO] [train] epoch:2 iter:4500/22144 20.32% lr:0.000300 loss:0.414729 ETA:432.0min
[2024-07-04 10:32:41,437][trainer.py][INFO] [train] epoch:2 iter:5000/22144 22.58% lr:0.000300 loss:0.408683 ETA:420.0min
[2024-07-04 10:44:55,908][trainer.py][INFO] [train] epoch:2 iter:5500/22144 24.84% lr:0.000300 loss:0.405517 ETA:408.0min
[2024-07-04 10:56:51,526][trainer.py][INFO] [train] epoch:2 iter:6000/22144 27.10% lr:0.000300 loss:0.408227 ETA:395.0min
[2024-07-04 11:07:56,136][trainer.py][INFO] [train] epoch:2 iter:6500/22144 29.35% lr:0.000300 loss:0.406539 ETA:380.0min
[2024-07-04 11:18:48,608][trainer.py][INFO] [train] epoch:2 iter:7000/22144 31.61% lr:0.000300 loss:0.406670 ETA:365.0min
[2024-07-04 11:29:47,452][trainer.py][INFO] [train] epoch:2 iter:7500/22144 33.87% lr:0.000300 loss:0.404271 ETA:351.0min
[2024-07-04 11:41:50,450][trainer.py][INFO] [train] epoch:2 iter:8000/22144 36.13% lr:0.000300 loss:0.404512 ETA:339.0min
[2024-07-04 11:54:03,648][trainer.py][INFO] [train] epoch:2 iter:8500/22144 38.39% lr:0.000300 loss:0.404957 ETA:328.0min
[2024-07-04 12:06:16,844][trainer.py][INFO] [train] epoch:2 iter:9000/22144 40.64% lr:0.000300 loss:0.405524 ETA:315.0min
[2024-07-04 12:18:30,298][trainer.py][INFO] [train] epoch:2 iter:9500/22144 42.90% lr:0.000300 loss:0.400104 ETA:304.0min
[2024-07-04 12:30:43,877][trainer.py][INFO] [train] epoch:2 iter:10000/22144 45.16% lr:0.000300 loss:0.396550 ETA:292.0min
[2024-07-04 12:42:59,032][trainer.py][INFO] [train] epoch:2 iter:10500/22144 47.42% lr:0.000300 loss:0.404067 ETA:281.0min
[2024-07-04 12:55:14,961][trainer.py][INFO] [train] epoch:2 iter:11000/22144 49.67% lr:0.000300 loss:0.408478 ETA:268.0min
[2024-07-04 13:07:29,082][trainer.py][INFO] [train] epoch:2 iter:11500/22144 51.93% lr:0.000300 loss:0.405291 ETA:257.0min
[2024-07-04 13:19:42,647][trainer.py][INFO] [train] epoch:2 iter:12000/22144 54.19% lr:0.000300 loss:0.394969 ETA:245.0min
[2024-07-04 13:31:57,506][trainer.py][INFO] [train] epoch:2 iter:12500/22144 56.45% lr:0.000300 loss:0.394675 ETA:233.0min
[2024-07-04 13:44:13,267][trainer.py][INFO] [train] epoch:2 iter:13000/22144 58.71% lr:0.000300 loss:0.396309 ETA:220.0min
[2024-07-04 13:56:27,958][trainer.py][INFO] [train] epoch:2 iter:13500/22144 60.96% lr:0.000300 loss:0.390159 ETA:209.0min
[2024-07-04 14:08:42,367][trainer.py][INFO] [train] epoch:2 iter:14000/22144 63.22% lr:0.000300 loss:0.393517 ETA:197.0min
[2024-07-04 14:20:55,920][trainer.py][INFO] [train] epoch:2 iter:14500/22144 65.48% lr:0.000300 loss:0.390772 ETA:185.0min
[2024-07-04 14:33:12,564][trainer.py][INFO] [train] epoch:2 iter:15000/22144 67.74% lr:0.000300 loss:0.385772 ETA:172.0min
[2024-07-04 14:45:28,309][trainer.py][INFO] [train] epoch:2 iter:15500/22144 70.00% lr:0.000300 loss:0.395178 ETA:161.0min
[2024-07-04 14:57:41,833][trainer.py][INFO] [train] epoch:2 iter:16000/22144 72.25% lr:0.000300 loss:0.392437 ETA:149.0min
[2024-07-04 15:10:00,304][trainer.py][INFO] [train] epoch:2 iter:16500/22144 74.51% lr:0.000300 loss:0.390974 ETA:137.0min
[2024-07-04 15:22:14,210][trainer.py][INFO] [train] epoch:2 iter:17000/22144 76.77% lr:0.000300 loss:0.388631 ETA:124.0min
[2024-07-04 15:34:29,149][trainer.py][INFO] [train] epoch:2 iter:17500/22144 79.03% lr:0.000300 loss:0.382755 ETA:112.0min
[2024-07-04 15:46:45,146][trainer.py][INFO] [train] epoch:2 iter:18000/22144 81.29% lr:0.000300 loss:0.383177 ETA:101.0min
[2024-07-04 15:58:59,713][trainer.py][INFO] [train] epoch:2 iter:18500/22144 83.54% lr:0.000300 loss:0.380628 ETA:89.0min
[2024-07-04 16:10:03,383][trainer.py][INFO] [train] epoch:2 iter:19000/22144 85.80% lr:0.000300 loss:0.380937 ETA:76.0min
[2024-07-04 16:21:06,132][trainer.py][INFO] [train] epoch:2 iter:19500/22144 88.06% lr:0.000300 loss:0.376781 ETA:64.0min
[2024-07-04 16:32:37,399][trainer.py][INFO] [train] epoch:2 iter:20000/22144 90.32% lr:0.000300 loss:0.383049 ETA:52.0min
[2024-07-04 16:47:43,762][trainer.py][INFO] [train] epoch:2 iter:20500/22144 92.58% lr:0.000300 loss:0.383011 ETA:40.0min
[2024-07-04 17:07:57,415][trainer.py][INFO] [train] epoch:2 iter:21000/22144 94.83% lr:0.000300 loss:0.375384 ETA:29.0min
[2024-07-04 17:28:10,151][trainer.py][INFO] [train] epoch:2 iter:21500/22144 97.09% lr:0.000300 loss:0.379014 ETA:16.0min
[2024-07-04 17:48:31,622][trainer.py][INFO] [train] epoch:2 iter:22000/22144 99.35% lr:0.000300 loss:0.376981 ETA:4.0min
[2024-07-04 18:42:56,846][trainer.py][INFO] [val] epoch:2 iou:[0.9910355  0.26281335],acc:0.9910640604475625, precision:0.8771043166244412,recall:0.6426423685124601,f1:0.7417872955693552
[2024-07-04 18:43:11,496][trainer.py][INFO] [save] Best Model saved at epoch:2 =============================
[2024-07-04 18:43:13,347][trainer.py][INFO] [train] epoch:3 iter:0/22144 0.00% lr:0.000300 loss:0.393346 ETA:682.0min
[2024-07-04 18:55:35,250][trainer.py][INFO] [train] epoch:3 iter:500/22144 2.26% lr:0.000300 loss:0.375461 ETA:535.0min
[2024-07-04 19:07:54,364][trainer.py][INFO] [train] epoch:3 iter:1000/22144 4.52% lr:0.000300 loss:0.377111 ETA:522.0min
[2024-07-04 19:20:12,509][trainer.py][INFO] [train] epoch:3 iter:1500/22144 6.77% lr:0.000300 loss:0.378672 ETA:509.0min
[2024-07-04 19:32:31,784][trainer.py][INFO] [train] epoch:3 iter:2000/22144 9.03% lr:0.000300 loss:0.369922 ETA:496.0min
[2024-07-04 19:44:50,171][trainer.py][INFO] [train] epoch:3 iter:2500/22144 11.29% lr:0.000300 loss:0.375184 ETA:484.0min
[2024-07-04 19:57:09,590][trainer.py][INFO] [train] epoch:3 iter:3000/22144 13.55% lr:0.000300 loss:0.371121 ETA:472.0min
[2024-07-04 20:09:28,840][trainer.py][INFO] [train] epoch:3 iter:3500/22144 15.81% lr:0.000300 loss:0.375725 ETA:459.0min
[2024-07-04 20:21:47,981][trainer.py][INFO] [train] epoch:3 iter:4000/22144 18.06% lr:0.000300 loss:0.372100 ETA:447.0min
[2024-07-04 20:34:07,530][trainer.py][INFO] [train] epoch:3 iter:4500/22144 20.32% lr:0.000300 loss:0.374007 ETA:435.0min
[2024-07-04 20:46:26,685][trainer.py][INFO] [train] epoch:3 iter:5000/22144 22.58% lr:0.000300 loss:0.374996 ETA:422.0min
[2024-07-04 20:58:44,584][trainer.py][INFO] [train] epoch:3 iter:5500/22144 24.84% lr:0.000300 loss:0.366405 ETA:410.0min
[2024-07-04 21:11:03,345][trainer.py][INFO] [train] epoch:3 iter:6000/22144 27.10% lr:0.000300 loss:0.364029 ETA:398.0min
[2024-07-04 21:23:21,656][trainer.py][INFO] [train] epoch:3 iter:6500/22144 29.35% lr:0.000300 loss:0.373750 ETA:385.0min
[2024-07-04 21:35:40,972][trainer.py][INFO] [train] epoch:3 iter:7000/22144 31.61% lr:0.000300 loss:0.364172 ETA:373.0min
[2024-07-04 21:46:52,593][trainer.py][INFO] [train] epoch:3 iter:7500/22144 33.87% lr:0.000300 loss:0.367747 ETA:359.0min
[2024-07-04 21:58:06,919][trainer.py][INFO] [train] epoch:3 iter:8000/22144 36.13% lr:0.000300 loss:0.369175 ETA:345.0min
[2024-07-04 22:09:05,379][trainer.py][INFO] [train] epoch:3 iter:8500/22144 38.39% lr:0.000300 loss:0.367383 ETA:331.0min
[2024-07-04 22:21:07,716][trainer.py][INFO] [train] epoch:3 iter:9000/22144 40.64% lr:0.000300 loss:0.368497 ETA:319.0min
[2024-07-04 22:33:25,170][trainer.py][INFO] [train] epoch:3 iter:9500/22144 42.90% lr:0.000300 loss:0.367076 ETA:306.0min
[2024-07-04 22:45:42,177][trainer.py][INFO] [train] epoch:3 iter:10000/22144 45.16% lr:0.000300 loss:0.371518 ETA:294.0min
[2024-07-04 22:57:59,258][trainer.py][INFO] [train] epoch:3 iter:10500/22144 47.42% lr:0.000300 loss:0.371756 ETA:283.0min
[2024-07-04 23:10:16,885][trainer.py][INFO] [train] epoch:3 iter:11000/22144 49.67% lr:0.000300 loss:0.374622 ETA:270.0min
[2024-07-04 23:22:33,871][trainer.py][INFO] [train] epoch:3 iter:11500/22144 51.93% lr:0.000300 loss:0.376604 ETA:258.0min
[2024-07-04 23:34:50,896][trainer.py][INFO] [train] epoch:3 iter:12000/22144 54.19% lr:0.000300 loss:0.371457 ETA:247.0min
[2024-07-04 23:47:08,128][trainer.py][INFO] [train] epoch:3 iter:12500/22144 56.45% lr:0.000300 loss:0.376464 ETA:235.0min
[2024-07-04 23:59:26,218][trainer.py][INFO] [train] epoch:3 iter:13000/22144 58.71% lr:0.000300 loss:0.367533 ETA:222.0min
[2024-07-05 00:11:44,997][trainer.py][INFO] [train] epoch:3 iter:13500/22144 60.96% lr:0.000300 loss:0.369928 ETA:210.0min
[2024-07-05 00:24:03,591][trainer.py][INFO] [train] epoch:3 iter:14000/22144 63.22% lr:0.000300 loss:0.376801 ETA:199.0min
[2024-07-05 00:36:21,881][trainer.py][INFO] [train] epoch:3 iter:14500/22144 65.48% lr:0.000300 loss:0.362982 ETA:186.0min
[2024-07-05 00:48:41,398][trainer.py][INFO] [train] epoch:3 iter:15000/22144 67.74% lr:0.000300 loss:0.365912 ETA:174.0min
[2024-07-05 01:01:00,406][trainer.py][INFO] [train] epoch:3 iter:15500/22144 70.00% lr:0.000300 loss:0.363134 ETA:162.0min
[2024-07-05 01:13:17,771][trainer.py][INFO] [train] epoch:3 iter:16000/22144 72.25% lr:0.000300 loss:0.363926 ETA:149.0min
[2024-07-05 01:25:35,267][trainer.py][INFO] [train] epoch:3 iter:16500/22144 74.51% lr:0.000300 loss:0.360761 ETA:138.0min
[2024-07-05 01:37:53,195][trainer.py][INFO] [train] epoch:3 iter:17000/22144 76.77% lr:0.000300 loss:0.360820 ETA:126.0min
[2024-07-05 01:50:10,572][trainer.py][INFO] [train] epoch:3 iter:17500/22144 79.03% lr:0.000300 loss:0.357728 ETA:114.0min
[2024-07-05 02:02:28,978][trainer.py][INFO] [train] epoch:3 iter:18000/22144 81.29% lr:0.000300 loss:0.365169 ETA:101.0min
[2024-07-05 02:14:47,234][trainer.py][INFO] [train] epoch:3 iter:18500/22144 83.54% lr:0.000300 loss:0.368358 ETA:89.0min
[2024-07-05 02:27:05,017][trainer.py][INFO] [train] epoch:3 iter:19000/22144 85.80% lr:0.000300 loss:0.365720 ETA:77.0min
[2024-07-05 02:39:22,895][trainer.py][INFO] [train] epoch:3 iter:19500/22144 88.06% lr:0.000300 loss:0.363193 ETA:64.0min
[2024-07-05 02:50:47,186][trainer.py][INFO] [train] epoch:3 iter:20000/22144 90.32% lr:0.000300 loss:0.363665 ETA:52.0min
[2024-07-05 03:01:54,227][trainer.py][INFO] [train] epoch:3 iter:20500/22144 92.58% lr:0.000300 loss:0.359327 ETA:40.0min
[2024-07-05 03:13:05,666][trainer.py][INFO] [train] epoch:3 iter:21000/22144 94.83% lr:0.000300 loss:0.364420 ETA:28.0min
[2024-07-05 03:24:39,427][trainer.py][INFO] [train] epoch:3 iter:21500/22144 97.09% lr:0.000300 loss:0.360378 ETA:16.0min
[2024-07-05 03:36:55,216][trainer.py][INFO] [train] epoch:3 iter:22000/22144 99.35% lr:0.000300 loss:0.361512 ETA:4.0min
[2024-07-05 04:24:35,384][trainer.py][INFO] [val] epoch:3 iou:[0.99149815 0.26968982],acc:0.9915247631888104, precision:0.9298224536466906,recall:0.6403876731478578,f1:0.7584294911596872
[2024-07-05 04:24:50,120][trainer.py][INFO] [save] Best Model saved at epoch:3 =============================
[2024-07-05 04:24:52,449][trainer.py][INFO] [train] epoch:4 iter:0/22144 0.00% lr:0.000300 loss:0.384930 ETA:859.0min
[2024-07-05 04:37:09,112][trainer.py][INFO] [train] epoch:4 iter:500/22144 2.26% lr:0.000300 loss:0.360654 ETA:532.0min
[2024-07-05 04:49:27,229][trainer.py][INFO] [train] epoch:4 iter:1000/22144 4.52% lr:0.000300 loss:0.356143 ETA:520.0min
[2024-07-05 05:01:45,269][trainer.py][INFO] [train] epoch:4 iter:1500/22144 6.77% lr:0.000300 loss:0.358527 ETA:508.0min
[2024-07-05 05:14:03,235][trainer.py][INFO] [train] epoch:4 iter:2000/22144 9.03% lr:0.000300 loss:0.362350 ETA:495.0min
[2024-07-05 05:26:22,248][trainer.py][INFO] [train] epoch:4 iter:2500/22144 11.29% lr:0.000300 loss:0.356922 ETA:483.0min
[2024-07-05 05:38:40,613][trainer.py][INFO] [train] epoch:4 iter:3000/22144 13.55% lr:0.000300 loss:0.353146 ETA:471.0min
[2024-07-05 05:50:58,790][trainer.py][INFO] [train] epoch:4 iter:3500/22144 15.81% lr:0.000300 loss:0.354059 ETA:458.0min
[2024-07-05 06:03:17,460][trainer.py][INFO] [train] epoch:4 iter:4000/22144 18.06% lr:0.000300 loss:0.357519 ETA:446.0min
[2024-07-05 06:15:33,969][trainer.py][INFO] [train] epoch:4 iter:4500/22144 20.32% lr:0.000300 loss:0.353973 ETA:434.0min
[2024-07-05 06:27:51,125][trainer.py][INFO] [train] epoch:4 iter:5000/22144 22.58% lr:0.000300 loss:0.356763 ETA:421.0min
[2024-07-05 06:40:08,726][trainer.py][INFO] [train] epoch:4 iter:5500/22144 24.84% lr:0.000300 loss:0.352103 ETA:409.0min
[2024-07-05 06:52:24,325][trainer.py][INFO] [train] epoch:4 iter:6000/22144 27.10% lr:0.000300 loss:0.352842 ETA:397.0min
[2024-07-05 07:04:41,202][trainer.py][INFO] [train] epoch:4 iter:6500/22144 29.35% lr:0.000300 loss:0.355052 ETA:385.0min
[2024-07-05 07:16:59,367][trainer.py][INFO] [train] epoch:4 iter:7000/22144 31.61% lr:0.000300 loss:0.350529 ETA:372.0min
[2024-07-05 07:29:17,625][trainer.py][INFO] [train] epoch:4 iter:7500/22144 33.87% lr:0.000300 loss:0.350295 ETA:360.0min
[2024-07-05 07:41:18,172][trainer.py][INFO] [train] epoch:4 iter:8000/22144 36.13% lr:0.000300 loss:0.353465 ETA:347.0min
[2024-07-05 07:52:21,143][trainer.py][INFO] [train] epoch:4 iter:8500/22144 38.39% lr:0.000300 loss:0.349378 ETA:333.0min
[2024-07-05 08:03:25,800][trainer.py][INFO] [train] epoch:4 iter:9000/22144 40.64% lr:0.000300 loss:0.356983 ETA:319.0min
[2024-07-05 08:14:39,245][trainer.py][INFO] [train] epoch:4 iter:9500/22144 42.90% lr:0.000300 loss:0.354233 ETA:306.0min
[2024-07-05 08:26:56,208][trainer.py][INFO] [train] epoch:4 iter:10000/22144 45.16% lr:0.000300 loss:0.358284 ETA:294.0min
[2024-07-05 08:39:14,030][trainer.py][INFO] [train] epoch:4 iter:10500/22144 47.42% lr:0.000300 loss:0.353458 ETA:282.0min
[2024-07-05 08:51:31,251][trainer.py][INFO] [train] epoch:4 iter:11000/22144 49.67% lr:0.000300 loss:0.349904 ETA:270.0min
[2024-07-05 09:03:49,464][trainer.py][INFO] [train] epoch:4 iter:11500/22144 51.93% lr:0.000300 loss:0.349963 ETA:259.0min
[2024-07-05 09:16:07,279][trainer.py][INFO] [train] epoch:4 iter:12000/22144 54.19% lr:0.000300 loss:0.350025 ETA:246.0min
[2024-07-05 09:28:26,292][trainer.py][INFO] [train] epoch:4 iter:12500/22144 56.45% lr:0.000300 loss:0.355966 ETA:234.0min
[2024-07-05 09:40:45,490][trainer.py][INFO] [train] epoch:4 iter:13000/22144 58.71% lr:0.000300 loss:0.353337 ETA:223.0min
[2024-07-05 09:53:04,978][trainer.py][INFO] [train] epoch:4 iter:13500/22144 60.96% lr:0.000299 loss:0.355741 ETA:210.0min
[2024-07-05 10:05:24,001][trainer.py][INFO] [train] epoch:4 iter:14000/22144 63.22% lr:0.000299 loss:0.352964 ETA:198.0min
[2024-07-05 10:17:43,405][trainer.py][INFO] [train] epoch:4 iter:14500/22144 65.48% lr:0.000299 loss:0.345973 ETA:186.0min
[2024-07-05 10:30:01,846][trainer.py][INFO] [train] epoch:4 iter:15000/22144 67.74% lr:0.000299 loss:0.348486 ETA:174.0min
[2024-07-05 10:42:20,316][trainer.py][INFO] [train] epoch:4 iter:15500/22144 70.00% lr:0.000299 loss:0.354652 ETA:162.0min
[2024-07-05 10:54:38,489][trainer.py][INFO] [train] epoch:4 iter:16000/22144 72.25% lr:0.000299 loss:0.345561 ETA:150.0min
[2024-07-05 11:06:56,835][trainer.py][INFO] [train] epoch:4 iter:16500/22144 74.51% lr:0.000299 loss:0.348420 ETA:137.0min
[2024-07-05 11:19:15,035][trainer.py][INFO] [train] epoch:4 iter:17000/22144 76.77% lr:0.000299 loss:0.344326 ETA:125.0min
[2024-07-05 11:31:35,875][trainer.py][INFO] [train] epoch:4 iter:17500/22144 79.03% lr:0.000299 loss:0.344817 ETA:113.0min
[2024-07-05 11:43:55,231][trainer.py][INFO] [train] epoch:4 iter:18000/22144 81.29% lr:0.000299 loss:0.344308 ETA:101.0min
[2024-07-05 11:56:13,066][trainer.py][INFO] [train] epoch:4 iter:18500/22144 83.54% lr:0.000299 loss:0.347614 ETA:89.0min
[2024-07-05 12:08:31,247][trainer.py][INFO] [train] epoch:4 iter:19000/22144 85.80% lr:0.000299 loss:0.347423 ETA:77.0min
[2024-07-05 12:20:49,816][trainer.py][INFO] [train] epoch:4 iter:19500/22144 88.06% lr:0.000299 loss:0.335644 ETA:65.0min
[2024-07-05 12:33:08,440][trainer.py][INFO] [train] epoch:4 iter:20000/22144 90.32% lr:0.000299 loss:0.325916 ETA:52.0min
[2024-07-05 12:45:26,828][trainer.py][INFO] [train] epoch:4 iter:20500/22144 92.58% lr:0.000299 loss:0.337811 ETA:40.0min
[2024-07-05 12:56:37,514][trainer.py][INFO] [train] epoch:4 iter:21000/22144 94.83% lr:0.000299 loss:0.340357 ETA:28.0min
[2024-07-05 13:08:05,189][trainer.py][INFO] [train] epoch:4 iter:21500/22144 97.09% lr:0.000299 loss:0.321700 ETA:15.0min
[2024-07-05 13:19:29,067][trainer.py][INFO] [train] epoch:4 iter:22000/22144 99.35% lr:0.000299 loss:0.325104 ETA:4.0min
[2024-07-05 14:06:52,692][trainer.py][INFO] [val] epoch:4 iou:[0.99178382 0.29658755],acc:0.9918121898276174, precision:0.931520397218303,recall:0.6548640099103005,f1:0.7690685511646216
[2024-07-05 14:07:07,967][trainer.py][INFO] [save] Best Model saved at epoch:4 =============================
[2024-07-05 14:07:10,097][trainer.py][INFO] [train] epoch:5 iter:0/22144 0.00% lr:0.000299 loss:0.231761 ETA:785.0min
[2024-07-05 14:19:27,314][trainer.py][INFO] [train] epoch:5 iter:500/22144 2.26% lr:0.000299 loss:0.326501 ETA:532.0min
[2024-07-05 14:31:46,778][trainer.py][INFO] [train] epoch:5 iter:1000/22144 4.52% lr:0.000299 loss:0.315059 ETA:521.0min
[2024-07-05 14:44:06,315][trainer.py][INFO] [train] epoch:5 iter:1500/22144 6.77% lr:0.000299 loss:0.309866 ETA:509.0min
[2024-07-05 14:56:26,923][trainer.py][INFO] [train] epoch:5 iter:2000/22144 9.03% lr:0.000299 loss:0.308392 ETA:496.0min
[2024-07-05 15:08:42,901][trainer.py][INFO] [train] epoch:5 iter:2500/22144 11.29% lr:0.000299 loss:0.300079 ETA:484.0min
[2024-07-05 15:21:00,757][trainer.py][INFO] [train] epoch:5 iter:3000/22144 13.55% lr:0.000299 loss:0.309740 ETA:472.0min
[2024-07-05 15:33:20,922][trainer.py][INFO] [train] epoch:5 iter:3500/22144 15.81% lr:0.000299 loss:0.293891 ETA:459.0min
[2024-07-05 15:45:39,986][trainer.py][INFO] [train] epoch:5 iter:4000/22144 18.06% lr:0.000299 loss:0.288878 ETA:447.0min
[2024-07-05 15:57:57,464][trainer.py][INFO] [train] epoch:5 iter:4500/22144 20.32% lr:0.000299 loss:0.295682 ETA:435.0min
[2024-07-05 16:10:16,094][trainer.py][INFO] [train] epoch:5 iter:5000/22144 22.58% lr:0.000299 loss:0.292915 ETA:422.0min
[2024-07-05 16:22:33,894][trainer.py][INFO] [train] epoch:5 iter:5500/22144 24.84% lr:0.000299 loss:0.286255 ETA:410.0min
[2024-07-05 16:34:51,021][trainer.py][INFO] [train] epoch:5 iter:6000/22144 27.10% lr:0.000299 loss:0.301095 ETA:398.0min
[2024-07-05 16:47:07,342][trainer.py][INFO] [train] epoch:5 iter:6500/22144 29.35% lr:0.000299 loss:0.303846 ETA:385.0min
[2024-07-05 16:59:25,531][trainer.py][INFO] [train] epoch:5 iter:7000/22144 31.61% lr:0.000299 loss:0.294594 ETA:372.0min
[2024-07-05 17:11:44,641][trainer.py][INFO] [train] epoch:5 iter:7500/22144 33.87% lr:0.000299 loss:0.292177 ETA:360.0min
[2024-07-05 17:24:01,985][trainer.py][INFO] [train] epoch:5 iter:8000/22144 36.13% lr:0.000299 loss:0.285803 ETA:348.0min
[2024-07-05 17:36:18,967][trainer.py][INFO] [train] epoch:5 iter:8500/22144 38.39% lr:0.000299 loss:0.297842 ETA:335.0min
[2024-07-05 17:47:24,115][trainer.py][INFO] [train] epoch:5 iter:9000/22144 40.64% lr:0.000299 loss:0.291325 ETA:321.0min
[2024-07-05 17:58:22,639][trainer.py][INFO] [train] epoch:5 iter:9500/22144 42.90% lr:0.000299 loss:0.301119 ETA:307.0min
[2024-07-05 18:09:03,567][trainer.py][INFO] [train] epoch:5 iter:10000/22144 45.16% lr:0.000299 loss:0.298998 ETA:294.0min
[2024-07-05 18:19:49,346][trainer.py][INFO] [train] epoch:5 iter:10500/22144 47.42% lr:0.000299 loss:0.300874 ETA:280.0min
[2024-07-05 18:32:41,406][trainer.py][INFO] [train] epoch:5 iter:11000/22144 49.67% lr:0.000299 loss:0.290466 ETA:269.0min
[2024-07-05 18:44:58,999][trainer.py][INFO] [train] epoch:5 iter:11500/22144 51.93% lr:0.000299 loss:0.297510 ETA:257.0min
[2024-07-05 18:57:16,260][trainer.py][INFO] [train] epoch:5 iter:12000/22144 54.19% lr:0.000299 loss:0.299686 ETA:245.0min
[2024-07-05 19:09:33,368][trainer.py][INFO] [train] epoch:5 iter:12500/22144 56.45% lr:0.000299 loss:0.289165 ETA:233.0min
[2024-07-05 19:21:50,754][trainer.py][INFO] [train] epoch:5 iter:13000/22144 58.71% lr:0.000299 loss:0.298741 ETA:222.0min
[2024-07-05 19:34:08,508][trainer.py][INFO] [train] epoch:5 iter:13500/22144 60.96% lr:0.000299 loss:0.283136 ETA:209.0min
[2024-07-05 19:46:25,709][trainer.py][INFO] [train] epoch:5 iter:14000/22144 63.22% lr:0.000299 loss:0.286625 ETA:197.0min
[2024-07-05 19:58:42,352][trainer.py][INFO] [train] epoch:5 iter:14500/22144 65.48% lr:0.000299 loss:0.294934 ETA:185.0min
[2024-07-05 20:10:59,826][trainer.py][INFO] [train] epoch:5 iter:15000/22144 67.74% lr:0.000299 loss:0.283537 ETA:174.0min
[2024-07-05 20:23:17,588][trainer.py][INFO] [train] epoch:5 iter:15500/22144 70.00% lr:0.000299 loss:0.290115 ETA:161.0min
[2024-07-05 20:35:35,126][trainer.py][INFO] [train] epoch:5 iter:16000/22144 72.25% lr:0.000299 loss:0.273348 ETA:149.0min
[2024-07-05 20:47:52,943][trainer.py][INFO] [train] epoch:5 iter:16500/22144 74.51% lr:0.000299 loss:0.278108 ETA:137.0min
[2024-07-05 21:00:10,253][trainer.py][INFO] [train] epoch:5 iter:17000/22144 76.77% lr:0.000299 loss:0.277530 ETA:124.0min
[2024-07-05 21:12:27,910][trainer.py][INFO] [train] epoch:5 iter:17500/22144 79.03% lr:0.000299 loss:0.281167 ETA:113.0min
[2024-07-05 21:24:44,731][trainer.py][INFO] [train] epoch:5 iter:18000/22144 81.29% lr:0.000299 loss:0.281706 ETA:101.0min
[2024-07-05 21:37:01,257][trainer.py][INFO] [train] epoch:5 iter:18500/22144 83.54% lr:0.000299 loss:0.278440 ETA:89.0min
[2024-07-05 21:49:19,412][trainer.py][INFO] [train] epoch:5 iter:19000/22144 85.80% lr:0.000299 loss:0.271567 ETA:76.0min
[2024-07-05 22:01:37,820][trainer.py][INFO] [train] epoch:5 iter:19500/22144 88.06% lr:0.000299 loss:0.285934 ETA:64.0min
[2024-07-05 22:13:54,328][trainer.py][INFO] [train] epoch:5 iter:20000/22144 90.32% lr:0.000299 loss:0.272416 ETA:52.0min
[2024-07-05 22:26:12,001][trainer.py][INFO] [train] epoch:5 iter:20500/22144 92.58% lr:0.000299 loss:0.281529 ETA:40.0min
[2024-07-05 22:38:29,642][trainer.py][INFO] [train] epoch:5 iter:21000/22144 94.83% lr:0.000299 loss:0.271277 ETA:28.0min
[2024-07-05 22:50:47,977][trainer.py][INFO] [train] epoch:5 iter:21500/22144 97.09% lr:0.000299 loss:0.280346 ETA:16.0min
[2024-07-05 23:02:10,415][trainer.py][INFO] [train] epoch:5 iter:22000/22144 99.35% lr:0.000299 loss:0.274918 ETA:3.0min
[2024-07-05 23:49:57,698][trainer.py][INFO] [val] epoch:5 iou:[0.99186028 0.30799315],acc:0.9918896605825832, precision:0.9257403370621213,recall:0.6618947936557527,f1:0.771893609134248
[2024-07-05 23:50:11,674][trainer.py][INFO] [save] Best Model saved at epoch:5 =============================
[2024-07-05 23:50:13,688][trainer.py][INFO] [train] epoch:6 iter:0/22144 0.00% lr:0.000299 loss:0.349772 ETA:742.0min
[2024-07-06 00:02:31,806][trainer.py][INFO] [train] epoch:6 iter:500/22144 2.26% lr:0.000299 loss:0.276309 ETA:533.0min
[2024-07-06 00:14:49,844][trainer.py][INFO] [train] epoch:6 iter:1000/22144 4.52% lr:0.000299 loss:0.275884 ETA:520.0min
[2024-07-06 00:27:06,711][trainer.py][INFO] [train] epoch:6 iter:1500/22144 6.77% lr:0.000299 loss:0.286379 ETA:508.0min
[2024-07-06 00:39:24,506][trainer.py][INFO] [train] epoch:6 iter:2000/22144 9.03% lr:0.000299 loss:0.287914 ETA:495.0min
[2024-07-06 00:51:40,086][trainer.py][INFO] [train] epoch:6 iter:2500/22144 11.29% lr:0.000299 loss:0.287908 ETA:483.0min
[2024-07-06 01:03:57,332][trainer.py][INFO] [train] epoch:6 iter:3000/22144 13.55% lr:0.000299 loss:0.282700 ETA:471.0min
[2024-07-06 01:16:12,899][trainer.py][INFO] [train] epoch:6 iter:3500/22144 15.81% lr:0.000299 loss:0.282693 ETA:458.0min
[2024-07-06 01:28:30,051][trainer.py][INFO] [train] epoch:6 iter:4000/22144 18.06% lr:0.000299 loss:0.282404 ETA:446.0min
[2024-07-06 01:40:47,616][trainer.py][INFO] [train] epoch:6 iter:4500/22144 20.32% lr:0.000299 loss:0.280963 ETA:434.0min
[2024-07-06 01:53:05,438][trainer.py][INFO] [train] epoch:6 iter:5000/22144 22.58% lr:0.000299 loss:0.275545 ETA:422.0min
[2024-07-06 02:05:22,997][trainer.py][INFO] [train] epoch:6 iter:5500/22144 24.84% lr:0.000299 loss:0.278193 ETA:409.0min
[2024-07-06 02:17:40,595][trainer.py][INFO] [train] epoch:6 iter:6000/22144 27.10% lr:0.000299 loss:0.277315 ETA:397.0min
[2024-07-06 02:29:57,098][trainer.py][INFO] [train] epoch:6 iter:6500/22144 29.35% lr:0.000299 loss:0.283071 ETA:385.0min
[2024-07-06 02:42:13,348][trainer.py][INFO] [train] epoch:6 iter:7000/22144 31.61% lr:0.000299 loss:0.277870 ETA:372.0min
[2024-07-06 02:54:30,061][trainer.py][INFO] [train] epoch:6 iter:7500/22144 33.87% lr:0.000299 loss:0.272193 ETA:360.0min
[2024-07-06 03:06:47,578][trainer.py][INFO] [train] epoch:6 iter:8000/22144 36.13% lr:0.000299 loss:0.269008 ETA:348.0min
[2024-07-06 03:19:05,621][trainer.py][INFO] [train] epoch:6 iter:8500/22144 38.39% lr:0.000299 loss:0.285590 ETA:336.0min
[2024-07-06 03:31:23,177][trainer.py][INFO] [train] epoch:6 iter:9000/22144 40.64% lr:0.000299 loss:0.287971 ETA:323.0min
[2024-07-06 03:43:38,426][trainer.py][INFO] [train] epoch:6 iter:9500/22144 42.90% lr:0.000299 loss:0.272284 ETA:311.0min
[2024-07-06 03:55:22,142][trainer.py][INFO] [train] epoch:6 iter:10000/22144 45.16% lr:0.000299 loss:0.275311 ETA:297.0min
[2024-07-06 04:06:32,572][trainer.py][INFO] [train] epoch:6 iter:10500/22144 47.42% lr:0.000299 loss:0.281425 ETA:284.0min
[2024-07-06 04:17:45,585][trainer.py][INFO] [train] epoch:6 iter:11000/22144 49.67% lr:0.000299 loss:0.270724 ETA:271.0min
[2024-07-06 04:30:00,915][trainer.py][INFO] [train] epoch:6 iter:11500/22144 51.93% lr:0.000298 loss:0.281338 ETA:259.0min
[2024-07-06 04:42:18,083][trainer.py][INFO] [train] epoch:6 iter:12000/22144 54.19% lr:0.000298 loss:0.281161 ETA:246.0min
[2024-07-06 04:54:35,918][trainer.py][INFO] [train] epoch:6 iter:12500/22144 56.45% lr:0.000298 loss:0.265583 ETA:235.0min
[2024-07-06 05:06:54,092][trainer.py][INFO] [train] epoch:6 iter:13000/22144 58.71% lr:0.000298 loss:0.274711 ETA:223.0min
[2024-07-06 05:19:11,935][trainer.py][INFO] [train] epoch:6 iter:13500/22144 60.96% lr:0.000298 loss:0.281412 ETA:210.0min
[2024-07-06 05:31:31,152][trainer.py][INFO] [train] epoch:6 iter:14000/22144 63.22% lr:0.000298 loss:0.275868 ETA:198.0min
[2024-07-06 05:43:48,404][trainer.py][INFO] [train] epoch:6 iter:14500/22144 65.48% lr:0.000298 loss:0.277282 ETA:186.0min
[2024-07-06 05:56:06,520][trainer.py][INFO] [train] epoch:6 iter:15000/22144 67.74% lr:0.000298 loss:0.278206 ETA:175.0min
[2024-07-06 06:08:24,881][trainer.py][INFO] [train] epoch:6 iter:15500/22144 70.00% lr:0.000298 loss:0.286422 ETA:162.0min
[2024-07-06 06:20:43,376][trainer.py][INFO] [train] epoch:6 iter:16000/22144 72.25% lr:0.000298 loss:0.264108 ETA:150.0min
[2024-07-06 06:33:02,958][trainer.py][INFO] [train] epoch:6 iter:16500/22144 74.51% lr:0.000298 loss:0.271355 ETA:138.0min
[2024-07-06 06:45:21,716][trainer.py][INFO] [train] epoch:6 iter:17000/22144 76.77% lr:0.000298 loss:0.269761 ETA:125.0min
[2024-07-06 06:57:39,443][trainer.py][INFO] [train] epoch:6 iter:17500/22144 79.03% lr:0.000298 loss:0.281182 ETA:113.0min
[2024-07-06 07:09:57,569][trainer.py][INFO] [train] epoch:6 iter:18000/22144 81.29% lr:0.000298 loss:0.269713 ETA:101.0min
[2024-07-06 07:22:16,085][trainer.py][INFO] [train] epoch:6 iter:18500/22144 83.54% lr:0.000298 loss:0.265065 ETA:89.0min
[2024-07-06 07:34:34,052][trainer.py][INFO] [train] epoch:6 iter:19000/22144 85.80% lr:0.000298 loss:0.270012 ETA:77.0min
[2024-07-06 07:46:53,072][trainer.py][INFO] [train] epoch:6 iter:19500/22144 88.06% lr:0.000298 loss:0.271237 ETA:65.0min
[2024-07-06 07:59:11,278][trainer.py][INFO] [train] epoch:6 iter:20000/22144 90.32% lr:0.000298 loss:0.263696 ETA:53.0min
[2024-07-06 08:11:30,521][trainer.py][INFO] [train] epoch:6 iter:20500/22144 92.58% lr:0.000298 loss:0.270254 ETA:40.0min
[2024-07-06 08:23:48,944][trainer.py][INFO] [train] epoch:6 iter:21000/22144 94.83% lr:0.000298 loss:0.270556 ETA:28.0min
[2024-07-06 08:36:05,515][trainer.py][INFO] [train] epoch:6 iter:21500/22144 97.09% lr:0.000298 loss:0.276708 ETA:16.0min
[2024-07-06 08:48:24,162][trainer.py][INFO] [train] epoch:6 iter:22000/22144 99.35% lr:0.000298 loss:0.265459 ETA:3.0min
[2024-07-06 09:36:34,593][trainer.py][INFO] [val] epoch:6 iou:[0.99216076 0.34023026],acc:0.9921923221685948, precision:0.9218132130576961,recall:0.6805552871673924,f1:0.7830219477279324
[2024-07-06 09:36:50,194][trainer.py][INFO] [save] Best Model saved at epoch:6 =============================
[2024-07-06 09:36:52,237][trainer.py][INFO] [train] epoch:7 iter:0/22144 0.00% lr:0.000298 loss:0.229366 ETA:753.0min
[2024-07-06 09:49:10,243][trainer.py][INFO] [train] epoch:7 iter:500/22144 2.26% lr:0.000298 loss:0.267866 ETA:533.0min
[2024-07-06 10:01:29,947][trainer.py][INFO] [train] epoch:7 iter:1000/22144 4.52% lr:0.000298 loss:0.273360 ETA:521.0min
[2024-07-06 10:13:46,956][trainer.py][INFO] [train] epoch:7 iter:1500/22144 6.77% lr:0.000298 loss:0.272977 ETA:509.0min
[2024-07-06 10:26:04,977][trainer.py][INFO] [train] epoch:7 iter:2000/22144 9.03% lr:0.000298 loss:0.277684 ETA:495.0min
[2024-07-06 10:38:23,193][trainer.py][INFO] [train] epoch:7 iter:2500/22144 11.29% lr:0.000298 loss:0.270969 ETA:483.0min
[2024-07-06 10:50:40,841][trainer.py][INFO] [train] epoch:7 iter:3000/22144 13.55% lr:0.000298 loss:0.272712 ETA:471.0min
[2024-07-06 11:02:58,798][trainer.py][INFO] [train] epoch:7 iter:3500/22144 15.81% lr:0.000298 loss:0.275599 ETA:458.0min
[2024-07-06 11:15:18,208][trainer.py][INFO] [train] epoch:7 iter:4000/22144 18.06% lr:0.000298 loss:0.279007 ETA:446.0min
[2024-07-06 11:27:37,628][trainer.py][INFO] [train] epoch:7 iter:4500/22144 20.32% lr:0.000298 loss:0.267960 ETA:435.0min
[2024-07-06 11:39:56,132][trainer.py][INFO] [train] epoch:7 iter:5000/22144 22.58% lr:0.000298 loss:0.273361 ETA:422.0min
[2024-07-06 11:52:14,390][trainer.py][INFO] [train] epoch:7 iter:5500/22144 24.84% lr:0.000298 loss:0.273714 ETA:410.0min
[2024-07-06 12:04:32,576][trainer.py][INFO] [train] epoch:7 iter:6000/22144 27.10% lr:0.000298 loss:0.272467 ETA:398.0min
[2024-07-06 12:16:52,011][trainer.py][INFO] [train] epoch:7 iter:6500/22144 29.35% lr:0.000298 loss:0.266815 ETA:385.0min
[2024-07-06 12:29:11,090][trainer.py][INFO] [train] epoch:7 iter:7000/22144 31.61% lr:0.000298 loss:0.276417 ETA:373.0min
[2024-07-06 12:41:29,574][trainer.py][INFO] [train] epoch:7 iter:7500/22144 33.87% lr:0.000298 loss:0.272659 ETA:361.0min
[2024-07-06 12:53:48,147][trainer.py][INFO] [train] epoch:7 iter:8000/22144 36.13% lr:0.000298 loss:0.266299 ETA:349.0min
[2024-07-06 13:06:07,637][trainer.py][INFO] [train] epoch:7 iter:8500/22144 38.39% lr:0.000298 loss:0.271603 ETA:336.0min
[2024-07-06 13:18:25,738][trainer.py][INFO] [train] epoch:7 iter:9000/22144 40.64% lr:0.000298 loss:0.270107 ETA:324.0min
[2024-07-06 13:30:44,089][trainer.py][INFO] [train] epoch:7 iter:9500/22144 42.90% lr:0.000298 loss:0.265248 ETA:312.0min
[2024-07-06 13:42:33,137][trainer.py][INFO] [train] epoch:7 iter:10000/22144 45.16% lr:0.000298 loss:0.264589 ETA:299.0min
[2024-07-06 13:53:34,305][trainer.py][INFO] [train] epoch:7 iter:10500/22144 47.42% lr:0.000298 loss:0.270134 ETA:285.0min
[2024-07-06 14:04:48,281][trainer.py][INFO] [train] epoch:7 iter:11000/22144 49.67% lr:0.000298 loss:0.270103 ETA:272.0min
[2024-07-06 14:15:57,390][trainer.py][INFO] [train] epoch:7 iter:11500/22144 51.93% lr:0.000298 loss:0.262901 ETA:258.0min
[2024-07-06 14:28:16,093][trainer.py][INFO] [train] epoch:7 iter:12000/22144 54.19% lr:0.000298 loss:0.275984 ETA:246.0min
[2024-07-06 14:40:34,400][trainer.py][INFO] [train] epoch:7 iter:12500/22144 56.45% lr:0.000298 loss:0.268325 ETA:235.0min
[2024-07-06 14:52:52,108][trainer.py][INFO] [train] epoch:7 iter:13000/22144 58.71% lr:0.000298 loss:0.265461 ETA:222.0min
[2024-07-06 15:05:09,919][trainer.py][INFO] [train] epoch:7 iter:13500/22144 60.96% lr:0.000298 loss:0.272415 ETA:210.0min
[2024-07-06 15:17:28,375][trainer.py][INFO] [train] epoch:7 iter:14000/22144 63.22% lr:0.000298 loss:0.270839 ETA:198.0min
[2024-07-06 15:29:46,194][trainer.py][INFO] [train] epoch:7 iter:14500/22144 65.48% lr:0.000298 loss:0.269680 ETA:186.0min
[2024-07-06 15:42:05,299][trainer.py][INFO] [train] epoch:7 iter:15000/22144 67.74% lr:0.000298 loss:0.273557 ETA:174.0min
[2024-07-06 15:54:25,277][trainer.py][INFO] [train] epoch:7 iter:15500/22144 70.00% lr:0.000298 loss:0.266346 ETA:162.0min
[2024-07-06 16:06:44,144][trainer.py][INFO] [train] epoch:7 iter:16000/22144 72.25% lr:0.000298 loss:0.270198 ETA:150.0min
[2024-07-06 16:19:01,601][trainer.py][INFO] [train] epoch:7 iter:16500/22144 74.51% lr:0.000298 loss:0.260230 ETA:137.0min
[2024-07-06 16:31:20,903][trainer.py][INFO] [train] epoch:7 iter:17000/22144 76.77% lr:0.000298 loss:0.274432 ETA:125.0min
[2024-07-06 16:43:39,978][trainer.py][INFO] [train] epoch:7 iter:17500/22144 79.03% lr:0.000298 loss:0.268490 ETA:114.0min
[2024-07-06 16:55:59,555][trainer.py][INFO] [train] epoch:7 iter:18000/22144 81.29% lr:0.000298 loss:0.265870 ETA:101.0min
[2024-07-06 17:08:18,764][trainer.py][INFO] [train] epoch:7 iter:18500/22144 83.54% lr:0.000297 loss:0.269902 ETA:89.0min
[2024-07-06 17:20:38,132][trainer.py][INFO] [train] epoch:7 iter:19000/22144 85.80% lr:0.000297 loss:0.270644 ETA:77.0min
[2024-07-06 17:32:57,622][trainer.py][INFO] [train] epoch:7 iter:19500/22144 88.06% lr:0.000297 loss:0.268522 ETA:64.0min
[2024-07-06 17:45:16,726][trainer.py][INFO] [train] epoch:7 iter:20000/22144 90.32% lr:0.000297 loss:0.267008 ETA:52.0min
[2024-07-06 17:57:35,211][trainer.py][INFO] [train] epoch:7 iter:20500/22144 92.58% lr:0.000297 loss:0.275624 ETA:40.0min
[2024-07-06 18:09:52,932][trainer.py][INFO] [train] epoch:7 iter:21000/22144 94.83% lr:0.000297 loss:0.266211 ETA:27.0min
[2024-07-06 18:22:10,869][trainer.py][INFO] [train] epoch:7 iter:21500/22144 97.09% lr:0.000297 loss:0.273639 ETA:16.0min
[2024-07-06 18:34:29,461][trainer.py][INFO] [train] epoch:7 iter:22000/22144 99.35% lr:0.000297 loss:0.267545 ETA:4.0min
[2024-07-06 19:22:48,529][trainer.py][INFO] [val] epoch:7 iou:[0.99222181 0.34026474],acc:0.9922528843594413, precision:0.9297148337530386,recall:0.6792256736139847,f1:0.7849714484886331
[2024-07-06 19:23:04,949][trainer.py][INFO] [save] Best Model saved at epoch:7 =============================
[2024-07-06 19:23:06,941][trainer.py][INFO] [train] epoch:8 iter:0/22144 0.00% lr:0.000297 loss:0.152515 ETA:735.0min
[2024-07-06 19:35:24,113][trainer.py][INFO] [train] epoch:8 iter:500/22144 2.26% lr:0.000297 loss:0.261930 ETA:532.0min
[2024-07-06 19:47:41,157][trainer.py][INFO] [train] epoch:8 iter:1000/22144 4.52% lr:0.000297 loss:0.264394 ETA:520.0min
[2024-07-06 19:59:58,253][trainer.py][INFO] [train] epoch:8 iter:1500/22144 6.77% lr:0.000297 loss:0.268176 ETA:508.0min
[2024-07-06 20:12:16,245][trainer.py][INFO] [train] epoch:8 iter:2000/22144 9.03% lr:0.000297 loss:0.262903 ETA:495.0min
[2024-07-06 20:24:34,121][trainer.py][INFO] [train] epoch:8 iter:2500/22144 11.29% lr:0.000297 loss:0.271567 ETA:483.0min
[2024-07-06 20:36:51,989][trainer.py][INFO] [train] epoch:8 iter:3000/22144 13.55% lr:0.000297 loss:0.271965 ETA:471.0min
[2024-07-06 20:49:09,301][trainer.py][INFO] [train] epoch:8 iter:3500/22144 15.81% lr:0.000297 loss:0.254407 ETA:458.0min
[2024-07-06 21:01:26,753][trainer.py][INFO] [train] epoch:8 iter:4000/22144 18.06% lr:0.000297 loss:0.268884 ETA:446.0min
[2024-07-06 21:13:43,992][trainer.py][INFO] [train] epoch:8 iter:4500/22144 20.32% lr:0.000297 loss:0.266502 ETA:434.0min
[2024-07-06 21:26:02,201][trainer.py][INFO] [train] epoch:8 iter:5000/22144 22.58% lr:0.000297 loss:0.269330 ETA:422.0min
[2024-07-06 21:38:18,867][trainer.py][INFO] [train] epoch:8 iter:5500/22144 24.84% lr:0.000297 loss:0.269241 ETA:409.0min
[2024-07-06 21:50:38,312][trainer.py][INFO] [train] epoch:8 iter:6000/22144 27.10% lr:0.000297 loss:0.270429 ETA:397.0min
[2024-07-06 22:02:56,382][trainer.py][INFO] [train] epoch:8 iter:6500/22144 29.35% lr:0.000297 loss:0.264997 ETA:385.0min
[2024-07-06 22:15:12,761][trainer.py][INFO] [train] epoch:8 iter:7000/22144 31.61% lr:0.000297 loss:0.268192 ETA:372.0min
[2024-07-06 22:27:31,220][trainer.py][INFO] [train] epoch:8 iter:7500/22144 33.87% lr:0.000297 loss:0.266917 ETA:360.0min
[2024-07-06 22:39:49,590][trainer.py][INFO] [train] epoch:8 iter:8000/22144 36.13% lr:0.000297 loss:0.261833 ETA:348.0min
[2024-07-06 22:52:05,983][trainer.py][INFO] [train] epoch:8 iter:8500/22144 38.39% lr:0.000297 loss:0.272694 ETA:335.0min
[2024-07-06 23:04:25,467][trainer.py][INFO] [train] epoch:8 iter:9000/22144 40.64% lr:0.000297 loss:0.272409 ETA:323.0min
[2024-07-06 23:16:43,365][trainer.py][INFO] [train] epoch:8 iter:9500/22144 42.90% lr:0.000297 loss:0.264096 ETA:311.0min
[2024-07-06 23:29:01,157][trainer.py][INFO] [train] epoch:8 iter:10000/22144 45.16% lr:0.000297 loss:0.259764 ETA:299.0min
[2024-07-06 23:40:40,143][trainer.py][INFO] [train] epoch:8 iter:10500/22144 47.42% lr:0.000297 loss:0.264491 ETA:286.0min
[2024-07-06 23:51:37,174][trainer.py][INFO] [train] epoch:8 iter:11000/22144 49.67% lr:0.000297 loss:0.259976 ETA:272.0min
[2024-07-07 00:02:48,769][trainer.py][INFO] [train] epoch:8 iter:11500/22144 51.93% lr:0.000297 loss:0.272145 ETA:259.0min
[2024-07-07 00:14:12,437][trainer.py][INFO] [train] epoch:8 iter:12000/22144 54.19% lr:0.000297 loss:0.264416 ETA:246.0min
[2024-07-07 00:26:31,499][trainer.py][INFO] [train] epoch:8 iter:12500/22144 56.45% lr:0.000297 loss:0.268612 ETA:234.0min
[2024-07-07 00:38:50,822][trainer.py][INFO] [train] epoch:8 iter:13000/22144 58.71% lr:0.000297 loss:0.261916 ETA:222.0min
[2024-07-07 00:51:09,401][trainer.py][INFO] [train] epoch:8 iter:13500/22144 60.96% lr:0.000297 loss:0.265875 ETA:210.0min
[2024-07-07 01:03:28,067][trainer.py][INFO] [train] epoch:8 iter:14000/22144 63.22% lr:0.000297 loss:0.269216 ETA:198.0min
[2024-07-07 01:15:47,604][trainer.py][INFO] [train] epoch:8 iter:14500/22144 65.48% lr:0.000297 loss:0.259618 ETA:186.0min
[2024-07-07 01:28:07,750][trainer.py][INFO] [train] epoch:8 iter:15000/22144 67.74% lr:0.000297 loss:0.267734 ETA:173.0min
[2024-07-07 01:40:26,090][trainer.py][INFO] [train] epoch:8 iter:15500/22144 70.00% lr:0.000297 loss:0.265652 ETA:162.0min
[2024-07-07 01:52:44,790][trainer.py][INFO] [train] epoch:8 iter:16000/22144 72.25% lr:0.000297 loss:0.265145 ETA:150.0min
[2024-07-07 02:05:04,342][trainer.py][INFO] [train] epoch:8 iter:16500/22144 74.51% lr:0.000297 loss:0.268385 ETA:138.0min
[2024-07-07 02:17:22,371][trainer.py][INFO] [train] epoch:8 iter:17000/22144 76.77% lr:0.000297 loss:0.270776 ETA:125.0min
[2024-07-07 02:29:40,332][trainer.py][INFO] [train] epoch:8 iter:17500/22144 79.03% lr:0.000297 loss:0.263587 ETA:113.0min
[2024-07-07 02:41:59,196][trainer.py][INFO] [train] epoch:8 iter:18000/22144 81.29% lr:0.000297 loss:0.261164 ETA:101.0min
[2024-07-07 02:54:18,472][trainer.py][INFO] [train] epoch:8 iter:18500/22144 83.54% lr:0.000297 loss:0.261634 ETA:89.0min
[2024-07-07 03:06:37,768][trainer.py][INFO] [train] epoch:8 iter:19000/22144 85.80% lr:0.000297 loss:0.263115 ETA:77.0min
[2024-07-07 03:18:55,487][trainer.py][INFO] [train] epoch:8 iter:19500/22144 88.06% lr:0.000297 loss:0.271178 ETA:65.0min
[2024-07-07 03:31:14,017][trainer.py][INFO] [train] epoch:8 iter:20000/22144 90.32% lr:0.000296 loss:0.265075 ETA:52.0min
[2024-07-07 03:43:32,265][trainer.py][INFO] [train] epoch:8 iter:20500/22144 92.58% lr:0.000296 loss:0.266214 ETA:40.0min
[2024-07-07 03:55:50,171][trainer.py][INFO] [train] epoch:8 iter:21000/22144 94.83% lr:0.000296 loss:0.273378 ETA:28.0min
[2024-07-07 04:08:08,237][trainer.py][INFO] [train] epoch:8 iter:21500/22144 97.09% lr:0.000296 loss:0.272874 ETA:15.0min
[2024-07-07 04:20:26,640][trainer.py][INFO] [train] epoch:8 iter:22000/22144 99.35% lr:0.000296 loss:0.268803 ETA:3.0min
[2024-07-07 05:08:46,258][trainer.py][INFO] [val] epoch:8 iou:[0.99244978 0.35667091],acc:0.9924812528822157, precision:0.9373274381546066,recall:0.6870205591846477,f1:0.7928882453642777
[2024-07-07 05:09:01,919][trainer.py][INFO] [save] Best Model saved at epoch:8 =============================
[2024-07-07 05:09:03,913][trainer.py][INFO] [train] epoch:9 iter:0/22144 0.00% lr:0.000296 loss:0.260014 ETA:735.0min
[2024-07-07 05:21:21,742][trainer.py][INFO] [train] epoch:9 iter:500/22144 2.26% lr:0.000296 loss:0.263885 ETA:532.0min
[2024-07-07 05:33:39,450][trainer.py][INFO] [train] epoch:9 iter:1000/22144 4.52% lr:0.000296 loss:0.265935 ETA:520.0min
[2024-07-07 05:45:57,405][trainer.py][INFO] [train] epoch:9 iter:1500/22144 6.77% lr:0.000296 loss:0.269910 ETA:508.0min
[2024-07-07 05:58:15,751][trainer.py][INFO] [train] epoch:9 iter:2000/22144 9.03% lr:0.000296 loss:0.261700 ETA:495.0min
[2024-07-07 06:10:35,286][trainer.py][INFO] [train] epoch:9 iter:2500/22144 11.29% lr:0.000296 loss:0.270208 ETA:484.0min
[2024-07-07 06:22:53,351][trainer.py][INFO] [train] epoch:9 iter:3000/22144 13.55% lr:0.000296 loss:0.262598 ETA:471.0min
[2024-07-07 06:35:10,447][trainer.py][INFO] [train] epoch:9 iter:3500/22144 15.81% lr:0.000296 loss:0.257585 ETA:458.0min
[2024-07-07 06:47:28,486][trainer.py][INFO] [train] epoch:9 iter:4000/22144 18.06% lr:0.000296 loss:0.264433 ETA:446.0min
[2024-07-07 06:59:46,702][trainer.py][INFO] [train] epoch:9 iter:4500/22144 20.32% lr:0.000296 loss:0.265447 ETA:434.0min
[2024-07-07 07:12:05,291][trainer.py][INFO] [train] epoch:9 iter:5000/22144 22.58% lr:0.000296 loss:0.261953 ETA:421.0min
[2024-07-07 07:24:22,874][trainer.py][INFO] [train] epoch:9 iter:5500/22144 24.84% lr:0.000296 loss:0.256742 ETA:409.0min
[2024-07-07 07:36:41,041][trainer.py][INFO] [train] epoch:9 iter:6000/22144 27.10% lr:0.000296 loss:0.260694 ETA:397.0min
[2024-07-07 07:49:00,264][trainer.py][INFO] [train] epoch:9 iter:6500/22144 29.35% lr:0.000296 loss:0.261839 ETA:385.0min
[2024-07-07 08:01:19,288][trainer.py][INFO] [train] epoch:9 iter:7000/22144 31.61% lr:0.000296 loss:0.262378 ETA:372.0min
[2024-07-07 08:13:37,762][trainer.py][INFO] [train] epoch:9 iter:7500/22144 33.87% lr:0.000296 loss:0.271082 ETA:360.0min
[2024-07-07 08:25:55,388][trainer.py][INFO] [train] epoch:9 iter:8000/22144 36.13% lr:0.000296 loss:0.259324 ETA:348.0min
[2024-07-07 08:38:13,708][trainer.py][INFO] [train] epoch:9 iter:8500/22144 38.39% lr:0.000296 loss:0.267216 ETA:335.0min
[2024-07-07 08:50:30,894][trainer.py][INFO] [train] epoch:9 iter:9000/22144 40.64% lr:0.000296 loss:0.265105 ETA:323.0min
[2024-07-07 09:02:49,717][trainer.py][INFO] [train] epoch:9 iter:9500/22144 42.90% lr:0.000296 loss:0.265911 ETA:311.0min
[2024-07-07 09:15:08,472][trainer.py][INFO] [train] epoch:9 iter:10000/22144 45.16% lr:0.000296 loss:0.256527 ETA:298.0min
[2024-07-07 09:27:26,779][trainer.py][INFO] [train] epoch:9 iter:10500/22144 47.42% lr:0.000296 loss:0.255128 ETA:286.0min
[2024-07-07 09:38:59,571][trainer.py][INFO] [train] epoch:9 iter:11000/22144 49.67% lr:0.000296 loss:0.260857 ETA:274.0min
[2024-07-07 09:50:18,377][trainer.py][INFO] [train] epoch:9 iter:11500/22144 51.93% lr:0.000296 loss:0.266523 ETA:260.0min
[2024-07-07 10:01:29,318][trainer.py][INFO] [train] epoch:9 iter:12000/22144 54.19% lr:0.000296 loss:0.265468 ETA:247.0min
[2024-07-07 10:12:55,349][trainer.py][INFO] [train] epoch:9 iter:12500/22144 56.45% lr:0.000296 loss:0.266539 ETA:235.0min
[2024-07-07 10:25:12,998][trainer.py][INFO] [train] epoch:9 iter:13000/22144 58.71% lr:0.000296 loss:0.270686 ETA:222.0min
[2024-07-07 10:37:31,899][trainer.py][INFO] [train] epoch:9 iter:13500/22144 60.96% lr:0.000296 loss:0.269954 ETA:210.0min
[2024-07-07 10:49:49,125][trainer.py][INFO] [train] epoch:9 iter:14000/22144 63.22% lr:0.000296 loss:0.270598 ETA:198.0min
[2024-07-07 11:02:06,561][trainer.py][INFO] [train] epoch:9 iter:14500/22144 65.48% lr:0.000296 loss:0.271161 ETA:186.0min
[2024-07-07 11:14:24,204][trainer.py][INFO] [train] epoch:9 iter:15000/22144 67.74% lr:0.000296 loss:0.262827 ETA:174.0min
[2024-07-07 11:26:44,605][trainer.py][INFO] [train] epoch:9 iter:15500/22144 70.00% lr:0.000296 loss:0.267711 ETA:162.0min
[2024-07-07 11:39:02,529][trainer.py][INFO] [train] epoch:9 iter:16000/22144 72.25% lr:0.000296 loss:0.267389 ETA:149.0min
[2024-07-07 11:51:21,228][trainer.py][INFO] [train] epoch:9 iter:16500/22144 74.51% lr:0.000296 loss:0.264126 ETA:137.0min
[2024-07-07 12:03:39,292][trainer.py][INFO] [train] epoch:9 iter:17000/22144 76.77% lr:0.000296 loss:0.265733 ETA:126.0min
[2024-07-07 12:15:58,831][trainer.py][INFO] [train] epoch:9 iter:17500/22144 79.03% lr:0.000296 loss:0.268546 ETA:114.0min
[2024-07-07 12:28:18,966][trainer.py][INFO] [train] epoch:9 iter:18000/22144 81.29% lr:0.000296 loss:0.266310 ETA:101.0min
[2024-07-07 12:40:38,252][trainer.py][INFO] [train] epoch:9 iter:18500/22144 83.54% lr:0.000295 loss:0.262364 ETA:89.0min
[2024-07-07 12:52:56,418][trainer.py][INFO] [train] epoch:9 iter:19000/22144 85.80% lr:0.000295 loss:0.264726 ETA:77.0min
[2024-07-07 13:05:14,479][trainer.py][INFO] [train] epoch:9 iter:19500/22144 88.06% lr:0.000295 loss:0.263518 ETA:64.0min
[2024-07-07 13:17:33,199][trainer.py][INFO] [train] epoch:9 iter:20000/22144 90.32% lr:0.000295 loss:0.265969 ETA:52.0min
[2024-07-07 13:29:51,309][trainer.py][INFO] [train] epoch:9 iter:20500/22144 92.58% lr:0.000295 loss:0.268842 ETA:40.0min
[2024-07-07 13:42:08,957][trainer.py][INFO] [train] epoch:9 iter:21000/22144 94.83% lr:0.000295 loss:0.251827 ETA:28.0min
[2024-07-07 13:54:26,159][trainer.py][INFO] [train] epoch:9 iter:21500/22144 97.09% lr:0.000295 loss:0.262920 ETA:16.0min
[2024-07-07 14:06:44,820][trainer.py][INFO] [train] epoch:9 iter:22000/22144 99.35% lr:0.000295 loss:0.266350 ETA:4.0min
[2024-07-07 14:55:07,024][trainer.py][INFO] [val] epoch:9 iou:[0.99235805 0.34663406],acc:0.9923889096985515, precision:0.9392617008308672,recall:0.681174073001366,f1:0.7896650083301198
[2024-07-07 14:55:16,568][trainer.py][INFO] [train] epoch:10 iter:0/22144 0.00% lr:0.000295 loss:0.185224 ETA:682.0min
[2024-07-07 15:07:21,004][trainer.py][INFO] [train] epoch:10 iter:500/22144 2.26% lr:0.000295 loss:0.269495 ETA:523.0min
[2024-07-07 15:19:37,259][trainer.py][INFO] [train] epoch:10 iter:1000/22144 4.52% lr:0.000295 loss:0.259469 ETA:515.0min
[2024-07-07 15:31:47,868][trainer.py][INFO] [train] epoch:10 iter:1500/22144 6.77% lr:0.000295 loss:nan ETA:503.0min
[2024-07-07 15:43:58,530][trainer.py][INFO] [train] epoch:10 iter:2000/22144 9.03% lr:0.000295 loss:nan ETA:491.0min
[2024-07-07 15:56:09,294][trainer.py][INFO] [train] epoch:10 iter:2500/22144 11.29% lr:0.000295 loss:nan ETA:479.0min
[2024-07-07 16:08:19,805][trainer.py][INFO] [train] epoch:10 iter:3000/22144 13.55% lr:0.000295 loss:nan ETA:466.0min
[2024-07-07 16:20:29,747][trainer.py][INFO] [train] epoch:10 iter:3500/22144 15.81% lr:0.000295 loss:nan ETA:454.0min
[2024-07-07 16:32:32,185][trainer.py][INFO] [train] epoch:10 iter:4000/22144 18.06% lr:0.000295 loss:nan ETA:441.0min
[2024-07-07 16:44:40,634][trainer.py][INFO] [train] epoch:10 iter:4500/22144 20.32% lr:0.000295 loss:nan ETA:429.0min
[2024-07-07 16:56:50,355][trainer.py][INFO] [train] epoch:10 iter:5000/22144 22.58% lr:0.000295 loss:nan ETA:417.0min
[2024-07-07 17:08:59,908][trainer.py][INFO] [train] epoch:10 iter:5500/22144 24.84% lr:0.000295 loss:nan ETA:405.0min
[2024-07-07 17:21:09,504][trainer.py][INFO] [train] epoch:10 iter:6000/22144 27.10% lr:0.000295 loss:nan ETA:393.0min
[2024-07-07 17:33:19,584][trainer.py][INFO] [train] epoch:10 iter:6500/22144 29.35% lr:0.000295 loss:nan ETA:380.0min
[2024-07-07 17:45:27,941][trainer.py][INFO] [train] epoch:10 iter:7000/22144 31.61% lr:0.000295 loss:nan ETA:368.0min
[2024-07-07 17:57:37,456][trainer.py][INFO] [train] epoch:10 iter:7500/22144 33.87% lr:0.000295 loss:nan ETA:356.0min
[2024-07-07 18:09:46,806][trainer.py][INFO] [train] epoch:10 iter:8000/22144 36.13% lr:0.000295 loss:nan ETA:344.0min
[2024-07-07 18:21:52,702][trainer.py][INFO] [train] epoch:10 iter:8500/22144 38.39% lr:0.000295 loss:nan ETA:332.0min
[2024-07-07 18:34:01,855][trainer.py][INFO] [train] epoch:10 iter:9000/22144 40.64% lr:0.000295 loss:nan ETA:320.0min
[2024-07-07 18:46:11,118][trainer.py][INFO] [train] epoch:10 iter:9500/22144 42.90% lr:0.000295 loss:nan ETA:308.0min
[2024-07-07 18:58:17,793][trainer.py][INFO] [train] epoch:10 iter:10000/22144 45.16% lr:0.000295 loss:nan ETA:295.0min
[2024-07-07 19:10:27,633][trainer.py][INFO] [train] epoch:10 iter:10500/22144 47.42% lr:0.000295 loss:nan ETA:283.0min
[2024-07-07 19:22:37,407][trainer.py][INFO] [train] epoch:10 iter:11000/22144 49.67% lr:0.000295 loss:nan ETA:271.0min
[2024-07-07 19:33:28,485][trainer.py][INFO] [train] epoch:10 iter:11500/22144 51.93% lr:0.000295 loss:nan ETA:257.0min
[2024-07-07 19:44:12,853][trainer.py][INFO] [train] epoch:10 iter:12000/22144 54.19% lr:0.000295 loss:nan ETA:245.0min
[2024-07-07 19:53:54,798][trainer.py][INFO] [train] epoch:10 iter:12500/22144 56.45% lr:0.000295 loss:nan ETA:231.0min
[2024-07-07 20:03:55,291][trainer.py][INFO] [train] epoch:10 iter:13000/22144 58.71% lr:0.000295 loss:nan ETA:217.0min
[2024-07-07 20:15:27,742][trainer.py][INFO] [train] epoch:10 iter:13500/22144 60.96% lr:0.000295 loss:nan ETA:205.0min
[2024-07-07 20:27:37,798][trainer.py][INFO] [train] epoch:10 iter:14000/22144 63.22% lr:0.000295 loss:nan ETA:193.0min
[2024-07-07 20:39:48,230][trainer.py][INFO] [train] epoch:10 iter:14500/22144 65.48% lr:0.000294 loss:nan ETA:182.0min
[2024-07-07 20:51:57,552][trainer.py][INFO] [train] epoch:10 iter:15000/22144 67.74% lr:0.000294 loss:nan ETA:170.0min
[2024-07-07 21:04:07,178][trainer.py][INFO] [train] epoch:10 iter:15500/22144 70.00% lr:0.000294 loss:nan ETA:158.0min
[2024-07-07 21:16:17,427][trainer.py][INFO] [train] epoch:10 iter:16000/22144 72.25% lr:0.000294 loss:nan ETA:146.0min
[2024-07-07 21:28:25,444][trainer.py][INFO] [train] epoch:10 iter:16500/22144 74.51% lr:0.000294 loss:nan ETA:134.0min
[2024-07-07 21:40:35,121][trainer.py][INFO] [train] epoch:10 iter:17000/22144 76.77% lr:0.000294 loss:nan ETA:122.0min
[2024-07-07 21:52:44,494][trainer.py][INFO] [train] epoch:10 iter:17500/22144 79.03% lr:0.000294 loss:nan ETA:111.0min
[2024-07-07 22:04:53,528][trainer.py][INFO] [train] epoch:10 iter:18000/22144 81.29% lr:0.000294 loss:nan ETA:99.0min
[2024-07-07 22:17:02,925][trainer.py][INFO] [train] epoch:10 iter:18500/22144 83.54% lr:0.000294 loss:nan ETA:87.0min
[2024-07-07 22:29:11,776][trainer.py][INFO] [train] epoch:10 iter:19000/22144 85.80% lr:0.000294 loss:nan ETA:76.0min
[2024-07-07 22:41:16,122][trainer.py][INFO] [train] epoch:10 iter:19500/22144 88.06% lr:0.000294 loss:nan ETA:63.0min
[2024-07-07 22:53:24,688][trainer.py][INFO] [train] epoch:10 iter:20000/22144 90.32% lr:0.000294 loss:nan ETA:51.0min
[2024-07-07 23:05:34,856][trainer.py][INFO] [train] epoch:10 iter:20500/22144 92.58% lr:0.000294 loss:nan ETA:39.0min
[2024-07-07 23:17:40,384][trainer.py][INFO] [train] epoch:10 iter:21000/22144 94.83% lr:0.000294 loss:nan ETA:27.0min
[2024-07-07 23:29:43,567][trainer.py][INFO] [train] epoch:10 iter:21500/22144 97.09% lr:0.000294 loss:nan ETA:15.0min
[2024-07-07 23:41:47,920][trainer.py][INFO] [train] epoch:10 iter:22000/22144 99.35% lr:0.000294 loss:nan ETA:3.0min
[2024-07-08 00:29:20,464][trainer.py][INFO] [val] epoch:10 iou:[0.98887233 0.        ],acc:0.9888723336733305, precision:0.9888723336733305,recall:0.5,f1:0.6641753659239817
[2024-07-08 00:29:31,618][trainer.py][INFO] [train] epoch:11 iter:0/22144 0.00% lr:0.000294 loss:nan ETA:622.0min
[2024-07-08 00:40:40,136][trainer.py][INFO] [train] epoch:11 iter:500/22144 2.26% lr:0.000294 loss:nan ETA:482.0min
[2024-07-08 00:51:47,470][trainer.py][INFO] [train] epoch:11 iter:1000/22144 4.52% lr:0.000294 loss:nan ETA:471.0min
[2024-07-08 01:04:00,425][trainer.py][INFO] [train] epoch:11 iter:1500/22144 6.77% lr:0.000294 loss:nan ETA:475.0min
[2024-07-08 01:16:23,057][trainer.py][INFO] [train] epoch:11 iter:2000/22144 9.03% lr:0.000294 loss:nan ETA:472.0min
[2024-07-08 01:28:32,066][trainer.py][INFO] [train] epoch:11 iter:2500/22144 11.29% lr:0.000294 loss:nan ETA:463.0min
[2024-07-08 01:40:42,486][trainer.py][INFO] [train] epoch:11 iter:3000/22144 13.55% lr:0.000294 loss:nan ETA:454.0min
[2024-07-08 01:52:52,619][trainer.py][INFO] [train] epoch:11 iter:3500/22144 15.81% lr:0.000294 loss:nan ETA:444.0min
[2024-07-08 02:05:03,257][trainer.py][INFO] [train] epoch:11 iter:4000/22144 18.06% lr:0.000294 loss:nan ETA:433.0min
[2024-07-08 02:17:13,309][trainer.py][INFO] [train] epoch:11 iter:4500/22144 20.32% lr:0.000294 loss:nan ETA:422.0min
[2024-07-08 02:29:17,984][trainer.py][INFO] [train] epoch:11 iter:5000/22144 22.58% lr:0.000294 loss:nan ETA:411.0min
[2024-07-08 02:41:27,743][trainer.py][INFO] [train] epoch:11 iter:5500/22144 24.84% lr:0.000294 loss:nan ETA:400.0min
[2024-07-08 02:53:38,137][trainer.py][INFO] [train] epoch:11 iter:6000/22144 27.10% lr:0.000294 loss:nan ETA:387.0min
[2024-07-08 03:05:49,190][trainer.py][INFO] [train] epoch:11 iter:6500/22144 29.35% lr:0.000294 loss:nan ETA:376.0min
[2024-07-08 03:17:59,686][trainer.py][INFO] [train] epoch:11 iter:7000/22144 31.61% lr:0.000294 loss:nan ETA:364.0min
[2024-07-08 03:30:09,856][trainer.py][INFO] [train] epoch:11 iter:7500/22144 33.87% lr:0.000294 loss:nan ETA:353.0min
[2024-07-08 03:42:17,752][trainer.py][INFO] [train] epoch:11 iter:8000/22144 36.13% lr:0.000294 loss:nan ETA:341.0min
[2024-07-08 03:54:27,815][trainer.py][INFO] [train] epoch:11 iter:8500/22144 38.39% lr:0.000294 loss:nan ETA:329.0min
[2024-07-08 04:06:37,599][trainer.py][INFO] [train] epoch:11 iter:9000/22144 40.64% lr:0.000293 loss:nan ETA:317.0min
[2024-07-08 04:18:48,422][trainer.py][INFO] [train] epoch:11 iter:9500/22144 42.90% lr:0.000293 loss:nan ETA:305.0min
[2024-07-08 04:30:58,225][trainer.py][INFO] [train] epoch:11 iter:10000/22144 45.16% lr:0.000293 loss:nan ETA:293.0min
[2024-07-08 04:43:08,536][trainer.py][INFO] [train] epoch:11 iter:10500/22144 47.42% lr:0.000293 loss:nan ETA:281.0min
[2024-07-08 04:55:18,133][trainer.py][INFO] [train] epoch:11 iter:11000/22144 49.67% lr:0.000293 loss:nan ETA:270.0min
[2024-07-08 05:07:27,723][trainer.py][INFO] [train] epoch:11 iter:11500/22144 51.93% lr:0.000293 loss:nan ETA:258.0min
[2024-07-08 05:19:37,088][trainer.py][INFO] [train] epoch:11 iter:12000/22144 54.19% lr:0.000293 loss:nan ETA:245.0min
[2024-07-08 05:31:45,762][trainer.py][INFO] [train] epoch:11 iter:12500/22144 56.45% lr:0.000293 loss:nan ETA:233.0min
[2024-07-08 05:42:00,877][trainer.py][INFO] [train] epoch:11 iter:13000/22144 58.71% lr:0.000293 loss:nan ETA:220.0min
[2024-07-08 05:51:59,896][trainer.py][INFO] [train] epoch:11 iter:13500/22144 60.96% lr:0.000293 loss:nan ETA:206.0min
[2024-07-08 06:01:47,973][trainer.py][INFO] [train] epoch:11 iter:14000/22144 63.22% lr:0.000293 loss:nan ETA:193.0min
[2024-07-08 06:11:43,654][trainer.py][INFO] [train] epoch:11 iter:14500/22144 65.48% lr:0.000293 loss:nan ETA:180.0min
[2024-07-08 06:22:59,811][trainer.py][INFO] [train] epoch:11 iter:15000/22144 67.74% lr:0.000293 loss:nan ETA:168.0min
[2024-07-08 06:35:09,532][trainer.py][INFO] [train] epoch:11 iter:15500/22144 70.00% lr:0.000293 loss:nan ETA:157.0min
[2024-07-08 06:47:17,317][trainer.py][INFO] [train] epoch:11 iter:16000/22144 72.25% lr:0.000293 loss:nan ETA:145.0min
[2024-07-08 06:59:27,134][trainer.py][INFO] [train] epoch:11 iter:16500/22144 74.51% lr:0.000293 loss:nan ETA:134.0min
[2024-07-08 07:11:37,210][trainer.py][INFO] [train] epoch:11 iter:17000/22144 76.77% lr:0.000293 loss:nan ETA:121.0min
[2024-07-08 07:23:46,444][trainer.py][INFO] [train] epoch:11 iter:17500/22144 79.03% lr:0.000293 loss:nan ETA:110.0min
[2024-07-08 07:35:56,798][trainer.py][INFO] [train] epoch:11 iter:18000/22144 81.29% lr:0.000293 loss:nan ETA:98.0min
[2024-07-08 07:48:07,023][trainer.py][INFO] [train] epoch:11 iter:18500/22144 83.54% lr:0.000293 loss:nan ETA:86.0min
[2024-07-08 08:00:12,980][trainer.py][INFO] [train] epoch:11 iter:19000/22144 85.80% lr:0.000293 loss:nan ETA:75.0min
[2024-07-08 08:12:20,989][trainer.py][INFO] [train] epoch:11 iter:19500/22144 88.06% lr:0.000293 loss:nan ETA:63.0min
[2024-07-08 08:24:30,364][trainer.py][INFO] [train] epoch:11 iter:20000/22144 90.32% lr:0.000293 loss:nan ETA:50.0min
[2024-07-08 08:36:36,701][trainer.py][INFO] [train] epoch:11 iter:20500/22144 92.58% lr:0.000293 loss:nan ETA:39.0min
[2024-07-08 08:48:40,262][trainer.py][INFO] [train] epoch:11 iter:21000/22144 94.83% lr:0.000293 loss:nan ETA:27.0min
[2024-07-08 09:00:44,442][trainer.py][INFO] [train] epoch:11 iter:21500/22144 97.09% lr:0.000293 loss:nan ETA:15.0min
[2024-07-08 09:12:51,087][trainer.py][INFO] [train] epoch:11 iter:22000/22144 99.35% lr:0.000293 loss:nan ETA:3.0min
[2024-07-08 10:00:12,698][trainer.py][INFO] [val] epoch:11 iou:[0.98887233 0.        ],acc:0.9888723336733305, precision:0.9888723336733305,recall:0.5,f1:0.6641753659239817
[2024-07-08 10:00:22,870][trainer.py][INFO] [train] epoch:12 iter:0/22144 0.00% lr:0.000293 loss:nan ETA:741.0min
[2024-07-08 10:12:32,623][trainer.py][INFO] [train] epoch:12 iter:500/22144 2.26% lr:0.000293 loss:nan ETA:527.0min
